<?xml version="1.0" encoding="UTF-8"?>
<!-- Generated by org.testng.reporters.JUnitReportReporter -->
<testsuite hostname="DESKTOP-NH3DV7T" failures="0" tests="1" name="Parameters.Sample1" time="21.620" errors="0" timestamp="2021-04-28T21:01:20 IST" skipped="0">
  <testcase classname="Parameters.Sample1" name="demo1" time="21.620"/>
  <system-out>
DataPassed  </system-out>
</testsuite> <!-- Parameters.Sample1 -->
