<?xml version="1.0" encoding="UTF-8"?>
<!-- Generated by org.testng.reporters.JUnitReportReporter -->
<testsuite hostname="DESKTOP-NH3DV7T" failures="0" tests="1" name="BatchExecution.Sample3" time="80.186" errors="0" timestamp="2021-05-06T22:34:33 IST" skipped="0">
  <testcase classname="BatchExecution.Sample3" name="demo1" time="80.186"/>
  <system-out>
Sample3 Executed  </system-out>
</testsuite> <!-- BatchExecution.Sample3 -->
