<?xml version="1.0" encoding="UTF-8"?>
<!-- Generated by org.testng.reporters.JUnitReportReporter -->
<testsuite hostname="DESKTOP-NH3DV7T" failures="0" tests="1" name="TestScript.Tc_5Test" time="120.284" errors="0" timestamp="2021-04-30T09:37:48 IST" skipped="0">
  <testcase classname="TestScript.Tc_5Test" name="loginTest" time="120.284"/>
  <system-out>
Home page is displayed Product List page is displayed New Product page is displayed  </system-out>
</testsuite> <!-- TestScript.Tc_5Test -->
