<?xml version="1.0" encoding="UTF-8"?>
<!-- Generated by org.testng.reporters.JUnitReportReporter -->
<testsuite hostname="DESKTOP-NH3DV7T" failures="0" tests="1" name="GroupExecution.Sample2" time="0.027" errors="0" timestamp="2021-04-27T21:03:34 IST" skipped="0">
  <testcase classname="GroupExecution.Sample2" name="demo1" time="0.027"/>
  <system-out>
Sample2 Executed  </system-out>
</testsuite> <!-- GroupExecution.Sample2 -->
