<?xml version="1.0" encoding="UTF-8"?>
<!-- Generated by org.testng.reporters.JUnitReportReporter -->
<testsuite hostname="DESKTOP-NH3DV7T" failures="0" tests="1" name="BaseTestLibrary.Tc_1Test" time="80.863" errors="0" timestamp="2021-04-26T20:26:34 IST" skipped="0">
  <testcase classname="BaseTestLibrary.Tc_1Test" name="loginTest" time="80.863"/>
  <system-out>
Home page is displayed Product List page is displayed New Product page is displayed Product is added successfully login page is displayed  </system-out>
</testsuite> <!-- BaseTestLibrary.Tc_1Test -->
