<?xml version="1.0" encoding="UTF-8"?>
<!-- Generated by org.testng.reporters.JUnitReportReporter -->
<testsuite hostname="DESKTOP-NH3DV7T" failures="0" tests="2" name="CrossBrowserTesting.Sample1" time="235.216" errors="0" timestamp="2021-04-28T22:03:52 IST" skipped="0">
  <testcase classname="CrossBrowserTesting.Sample1" name="demo1" time="156.731"/>
  <system-out>
Sample1 Executed  </system-out>
  <testcase classname="CrossBrowserTesting.Sample1" name="demo1" time="78.485"/>
  <system-out>
Sample1 Executed  </system-out>
</testsuite> <!-- CrossBrowserTesting.Sample1 -->
