<?xml version="1.0" encoding="UTF-8"?>
<!-- Generated by org.testng.reporters.JUnitReportReporter -->
<testsuite hostname="DESKTOP-NH3DV7T" failures="0" tests="3" name="TestNGparameters.parallelExecution" time="87.398" errors="3" timestamp="2021-04-27T09:57:28 IST" skipped="0">
  <testcase classname="TestNGparameters.parallelExecution" name="sample1" time="25.336">
    <error message="session not created
from disconnected: received Inspector.detached event
  (Session info: chrome=90.0.4430.85)
Build info: version: &#039;3.141.59&#039;, revision: &#039;e82be7d358&#039;, time: &#039;2018-11-14T08:17:03&#039;
System info: host: &#039;DESKTOP-NH3DV7T&#039;, ip: &#039;192.168.43.23&#039;, os.name: &#039;Windows 10&#039;, os.arch: &#039;amd64&#039;, os.version: &#039;10.0&#039;, java.version: &#039;15&#039;
Driver info: driver.version: ChromeDriver
remote stacktrace: Backtrace:
	Ordinal0 [0x004DE7D3+124883]
	Ordinal0 [0x004DE7B1+124849]
	GetHandleVerifier [0x00728688+193832]
	GetHandleVerifier [0x0071CB71+145937]
	GetHandleVerifier [0x0071C7F9+145049]
	GetHandleVerifier [0x0071BF7D+142877]
	GetHandleVerifier [0x0071B45E+140030]
	GetHandleVerifier [0x0071B6E6+140678]
	GetHandleVerifier [0x0071B025+138949]
	GetHandleVerifier [0x00724679+177433]
	GetHandleVerifier [0x0071AFE1+138881]
	GetHandleVerifier [0x0071BD62+142338]
	GetHandleVerifier [0x0071B45E+140030]
	GetHandleVerifier [0x0071B6E6+140678]
	GetHandleVerifier [0x0071B025+138949]
	GetHandleVerifier [0x00722A0A+170154]
	GetHandleVerifier [0x0071AFE1+138881]
	GetHandleVerifier [0x0071BD62+142338]
	GetHandleVerifier [0x0071B45E+140030]
	GetHandleVerifier [0x0071B6E6+140678]
	GetHandleVerifier [0x0071B025+138949]
	GetHandleVerifier [0x00720D69+162825]
	GetHandleVerifier [0x0071AFE1+138881]
	GetHandleVerifier [0x0071BD62+142338]
	GetHandleVerifier [0x0071B45E+140030]
	GetHandleVerifier [0x0071B6E6+140678]
	GetHandleVerifier [0x0071B025+138949]
	GetHandleVerifier [0x0072017C+159772]
	GetHandleVerifier [0x0071AFE1+138881]
	GetHandleVerifier [0x0071BD62+142338]
	GetHandleVerifier [0x0071B45E+140030]
	GetHandleVerifier [0x0071B6E6+140678]
	GetHandleVerifier [0x0071B025+138949]
	GetHandleVerifier [0x007176ED+124301]
	GetHandleVerifier [0x0071AFE1+138881]
	GetHandleVerifier [0x0071AE03+138403]
	GetHandleVerifier [0x0071ABF7+137879]
	GetHandleVerifier [0x00729930+198608]
	GetHandleVerifier [0x00765758+443896]
	GetHandleVerifier [0x007647FC+439964]
	GetHandleVerifier [0x0076154B+426987]
	GetHandleVerifier [0x00744FFD+310941]
	GetHandleVerifier [0x00745D8E+314414]
	GetHandleVerifier [0x00745D19+314297]
	GetHandleVerifier [0x008031EC+1089676]
	GetHandleVerifier [0x008017C9+1082985]
	GetHandleVerifier [0x008013A3+1081923]
	GetHandleVerifier [0x008FD9FD+2115741]
	Ordinal0 [0x0062B82E+1488942]
	Ordinal0 [0x005C5A7D+1071741]
	Ordinal0 [0x005C559B+1070491]
	Ordinal0 [0x005C54B1+1070257]
	Ordinal0 [0x005FFF53+1310547]
	BaseThreadInitThunk [0x75ABFA29+25]
	RtlGetAppContainerNamedObjectPath [0x779F7C7E+286]
	RtlGetAppContainerNamedObjectPath [0x779F7C4E+238]
" type="org.openqa.selenium.SessionNotCreatedException">
      <![CDATA[org.openqa.selenium.SessionNotCreatedException: session not created
from disconnected: received Inspector.detached event
  (Session info: chrome=90.0.4430.85)
Build info: version: '3.141.59', revision: 'e82be7d358', time: '2018-11-14T08:17:03'
System info: host: 'DESKTOP-NH3DV7T', ip: '192.168.43.23', os.name: 'Windows 10', os.arch: 'amd64', os.version: '10.0', java.version: '15'
Driver info: driver.version: ChromeDriver
remote stacktrace: Backtrace:
Ordinal0 [0x004DE7D3+124883]
Ordinal0 [0x004DE7B1+124849]
GetHandleVerifier [0x00728688+193832]
GetHandleVerifier [0x0071CB71+145937]
GetHandleVerifier [0x0071C7F9+145049]
GetHandleVerifier [0x0071BF7D+142877]
GetHandleVerifier [0x0071B45E+140030]
GetHandleVerifier [0x0071B6E6+140678]
GetHandleVerifier [0x0071B025+138949]
GetHandleVerifier [0x00724679+177433]
GetHandleVerifier [0x0071AFE1+138881]
GetHandleVerifier [0x0071BD62+142338]
GetHandleVerifier [0x0071B45E+140030]
GetHandleVerifier [0x0071B6E6+140678]
GetHandleVerifier [0x0071B025+138949]
GetHandleVerifier [0x00722A0A+170154]
GetHandleVerifier [0x0071AFE1+138881]
GetHandleVerifier [0x0071BD62+142338]
GetHandleVerifier [0x0071B45E+140030]
GetHandleVerifier [0x0071B6E6+140678]
GetHandleVerifier [0x0071B025+138949]
GetHandleVerifier [0x00720D69+162825]
GetHandleVerifier [0x0071AFE1+138881]
GetHandleVerifier [0x0071BD62+142338]
GetHandleVerifier [0x0071B45E+140030]
GetHandleVerifier [0x0071B6E6+140678]
GetHandleVerifier [0x0071B025+138949]
GetHandleVerifier [0x0072017C+159772]
GetHandleVerifier [0x0071AFE1+138881]
GetHandleVerifier [0x0071BD62+142338]
GetHandleVerifier [0x0071B45E+140030]
GetHandleVerifier [0x0071B6E6+140678]
GetHandleVerifier [0x0071B025+138949]
GetHandleVerifier [0x007176ED+124301]
GetHandleVerifier [0x0071AFE1+138881]
GetHandleVerifier [0x0071AE03+138403]
GetHandleVerifier [0x0071ABF7+137879]
GetHandleVerifier [0x00729930+198608]
GetHandleVerifier [0x00765758+443896]
GetHandleVerifier [0x007647FC+439964]
GetHandleVerifier [0x0076154B+426987]
GetHandleVerifier [0x00744FFD+310941]
GetHandleVerifier [0x00745D8E+314414]
GetHandleVerifier [0x00745D19+314297]
GetHandleVerifier [0x008031EC+1089676]
GetHandleVerifier [0x008017C9+1082985]
GetHandleVerifier [0x008013A3+1081923]
GetHandleVerifier [0x008FD9FD+2115741]
Ordinal0 [0x0062B82E+1488942]
Ordinal0 [0x005C5A7D+1071741]
Ordinal0 [0x005C559B+1070491]
Ordinal0 [0x005C54B1+1070257]
Ordinal0 [0x005FFF53+1310547]
BaseThreadInitThunk [0x75ABFA29+25]
RtlGetAppContainerNamedObjectPath [0x779F7C7E+286]
RtlGetAppContainerNamedObjectPath [0x779F7C4E+238]

at java.base/jdk.internal.reflect.NativeConstructorAccessorImpl.newInstance0(Native Method)
at java.base/jdk.internal.reflect.NativeConstructorAccessorImpl.newInstance(NativeConstructorAccessorImpl.java:64)
at java.base/jdk.internal.reflect.DelegatingConstructorAccessorImpl.newInstance(DelegatingConstructorAccessorImpl.java:45)
at java.base/java.lang.reflect.Constructor.newInstanceWithCaller(Constructor.java:500)
at java.base/java.lang.reflect.Constructor.newInstance(Constructor.java:481)
at org.openqa.selenium.remote.W3CHandshakeResponse.lambda$errorHandler$0(W3CHandshakeResponse.java:62)
at org.openqa.selenium.remote.HandshakeResponse.lambda$getResponseFunction$0(HandshakeResponse.java:30)
at org.openqa.selenium.remote.ProtocolHandshake.lambda$createSession$0(ProtocolHandshake.java:126)
at java.base/java.util.stream.ReferencePipeline$3$1.accept(ReferencePipeline.java:195)
at java.base/java.util.Spliterators$ArraySpliterator.tryAdvance(Spliterators.java:958)
at java.base/java.util.stream.ReferencePipeline.forEachWithCancel(ReferencePipeline.java:127)
at java.base/java.util.stream.AbstractPipeline.copyIntoWithCancel(AbstractPipeline.java:502)
at java.base/java.util.stream.AbstractPipeline.copyInto(AbstractPipeline.java:488)
at java.base/java.util.stream.AbstractPipeline.wrapAndCopyInto(AbstractPipeline.java:474)
at java.base/java.util.stream.FindOps$FindOp.evaluateSequential(FindOps.java:150)
at java.base/java.util.stream.AbstractPipeline.evaluate(AbstractPipeline.java:234)
at java.base/java.util.stream.ReferencePipeline.findFirst(ReferencePipeline.java:543)
at org.openqa.selenium.remote.ProtocolHandshake.createSession(ProtocolHandshake.java:128)
at org.openqa.selenium.remote.ProtocolHandshake.createSession(ProtocolHandshake.java:74)
at org.openqa.selenium.remote.HttpCommandExecutor.execute(HttpCommandExecutor.java:136)
at org.openqa.selenium.remote.service.DriverCommandExecutor.execute(DriverCommandExecutor.java:83)
at org.openqa.selenium.remote.RemoteWebDriver.execute(RemoteWebDriver.java:552)
at org.openqa.selenium.remote.RemoteWebDriver.startSession(RemoteWebDriver.java:213)
at org.openqa.selenium.remote.RemoteWebDriver.<init>(RemoteWebDriver.java:131)
at org.openqa.selenium.chrome.ChromeDriver.<init>(ChromeDriver.java:181)
at org.openqa.selenium.chrome.ChromeDriver.<init>(ChromeDriver.java:168)
at org.openqa.selenium.chrome.ChromeDriver.<init>(ChromeDriver.java:123)
at TestNGparameters.parallelExecution.sample1(parallelExecution.java:21)
at java.base/jdk.internal.reflect.NativeMethodAccessorImpl.invoke0(Native Method)
at java.base/jdk.internal.reflect.NativeMethodAccessorImpl.invoke(NativeMethodAccessorImpl.java:64)
at java.base/jdk.internal.reflect.DelegatingMethodAccessorImpl.invoke(DelegatingMethodAccessorImpl.java:43)
at java.base/java.lang.reflect.Method.invoke(Method.java:564)
at org.testng.internal.MethodInvocationHelper.invokeMethod(MethodInvocationHelper.java:132)
at org.testng.internal.TestInvoker.invokeMethod(TestInvoker.java:599)
at org.testng.internal.TestInvoker.invokeTestMethod(TestInvoker.java:174)
at org.testng.internal.TestMethodWithDataProviderMethodWorker.call(TestMethodWithDataProviderMethodWorker.java:77)
at org.testng.internal.TestMethodWithDataProviderMethodWorker.call(TestMethodWithDataProviderMethodWorker.java:15)
at java.base/java.util.concurrent.FutureTask.run(FutureTask.java:264)
at java.base/java.util.concurrent.Executors$RunnableAdapter.call(Executors.java:515)
at java.base/java.util.concurrent.FutureTask.run(FutureTask.java:264)
at java.base/java.util.concurrent.ThreadPoolExecutor.runWorker(ThreadPoolExecutor.java:1130)
at java.base/java.util.concurrent.ThreadPoolExecutor$Worker.run(ThreadPoolExecutor.java:630)
at java.base/java.lang.Thread.run(Thread.java:832)
]]>
    </error>
  </testcase> <!-- sample1 -->
  <system-out/>
  <testcase classname="TestNGparameters.parallelExecution" name="sample1" time="36.751">
    <error message="chrome not reachable
  (Session info: chrome=90.0.4430.85)
Build info: version: &#039;3.141.59&#039;, revision: &#039;e82be7d358&#039;, time: &#039;2018-11-14T08:17:03&#039;
System info: host: &#039;DESKTOP-NH3DV7T&#039;, ip: &#039;192.168.43.23&#039;, os.name: &#039;Windows 10&#039;, os.arch: &#039;amd64&#039;, os.version: &#039;10.0&#039;, java.version: &#039;15&#039;
Driver info: org.openqa.selenium.chrome.ChromeDriver
Capabilities {acceptInsecureCerts: false, browserName: chrome, browserVersion: 90.0.4430.85, chrome: {chromedriverVersion: 89.0.4389.23 (61b08ee2c5002..., userDataDir: C:\Users\MAHANT~1\AppData\L...}, goog:chromeOptions: {debuggerAddress: localhost:61868}, javascriptEnabled: true, networkConnectionEnabled: false, pageLoadStrategy: normal, platform: WINDOWS, platformName: WINDOWS, proxy: Proxy(), setWindowRect: true, strictFileInteractability: false, timeouts: {implicit: 0, pageLoad: 300000, script: 30000}, unhandledPromptBehavior: dismiss and notify, webauthn:extension:largeBlob: true, webauthn:virtualAuthenticators: true}
Session ID: 8352cb90d092d39ce4c3bc96cb0a735f" type="org.openqa.selenium.WebDriverException">
      <![CDATA[org.openqa.selenium.WebDriverException: chrome not reachable
  (Session info: chrome=90.0.4430.85)
Build info: version: '3.141.59', revision: 'e82be7d358', time: '2018-11-14T08:17:03'
System info: host: 'DESKTOP-NH3DV7T', ip: '192.168.43.23', os.name: 'Windows 10', os.arch: 'amd64', os.version: '10.0', java.version: '15'
Driver info: org.openqa.selenium.chrome.ChromeDriver
Capabilities {acceptInsecureCerts: false, browserName: chrome, browserVersion: 90.0.4430.85, chrome: {chromedriverVersion: 89.0.4389.23 (61b08ee2c5002..., userDataDir: C:\Users\MAHANT~1\AppData\L...}, goog:chromeOptions: {debuggerAddress: localhost:61868}, javascriptEnabled: true, networkConnectionEnabled: false, pageLoadStrategy: normal, platform: WINDOWS, platformName: WINDOWS, proxy: Proxy(), setWindowRect: true, strictFileInteractability: false, timeouts: {implicit: 0, pageLoad: 300000, script: 30000}, unhandledPromptBehavior: dismiss and notify, webauthn:extension:largeBlob: true, webauthn:virtualAuthenticators: true}
Session ID: 8352cb90d092d39ce4c3bc96cb0a735f
at java.base/jdk.internal.reflect.NativeConstructorAccessorImpl.newInstance0(Native Method)
at java.base/jdk.internal.reflect.NativeConstructorAccessorImpl.newInstance(NativeConstructorAccessorImpl.java:64)
at java.base/jdk.internal.reflect.DelegatingConstructorAccessorImpl.newInstance(DelegatingConstructorAccessorImpl.java:45)
at java.base/java.lang.reflect.Constructor.newInstanceWithCaller(Constructor.java:500)
at java.base/java.lang.reflect.Constructor.newInstance(Constructor.java:481)
at org.openqa.selenium.remote.http.W3CHttpResponseCodec.createException(W3CHttpResponseCodec.java:187)
at org.openqa.selenium.remote.http.W3CHttpResponseCodec.decode(W3CHttpResponseCodec.java:122)
at org.openqa.selenium.remote.http.W3CHttpResponseCodec.decode(W3CHttpResponseCodec.java:49)
at org.openqa.selenium.remote.HttpCommandExecutor.execute(HttpCommandExecutor.java:158)
at org.openqa.selenium.remote.service.DriverCommandExecutor.execute(DriverCommandExecutor.java:83)
at org.openqa.selenium.remote.RemoteWebDriver.execute(RemoteWebDriver.java:552)
at org.openqa.selenium.remote.RemoteWebDriver.get(RemoteWebDriver.java:277)
at TestNGparameters.parallelExecution.sample1(parallelExecution.java:23)
at java.base/jdk.internal.reflect.NativeMethodAccessorImpl.invoke0(Native Method)
at java.base/jdk.internal.reflect.NativeMethodAccessorImpl.invoke(NativeMethodAccessorImpl.java:64)
at java.base/jdk.internal.reflect.DelegatingMethodAccessorImpl.invoke(DelegatingMethodAccessorImpl.java:43)
at java.base/java.lang.reflect.Method.invoke(Method.java:564)
at org.testng.internal.MethodInvocationHelper.invokeMethod(MethodInvocationHelper.java:132)
at org.testng.internal.TestInvoker.invokeMethod(TestInvoker.java:599)
at org.testng.internal.TestInvoker.invokeTestMethod(TestInvoker.java:174)
at org.testng.internal.TestMethodWithDataProviderMethodWorker.call(TestMethodWithDataProviderMethodWorker.java:77)
at org.testng.internal.TestMethodWithDataProviderMethodWorker.call(TestMethodWithDataProviderMethodWorker.java:15)
at java.base/java.util.concurrent.FutureTask.run(FutureTask.java:264)
at java.base/java.util.concurrent.Executors$RunnableAdapter.call(Executors.java:515)
at java.base/java.util.concurrent.FutureTask.run(FutureTask.java:264)
at java.base/java.util.concurrent.ThreadPoolExecutor.runWorker(ThreadPoolExecutor.java:1130)
at java.base/java.util.concurrent.ThreadPoolExecutor$Worker.run(ThreadPoolExecutor.java:630)
at java.base/java.lang.Thread.run(Thread.java:832)
]]>
    </error>
  </testcase> <!-- sample1 -->
  <system-out/>
  <testcase classname="TestNGparameters.parallelExecution" name="sample1" time="25.311">
    <error message="session not created
from disconnected: received Inspector.detached event
  (Session info: chrome=90.0.4430.85)
Build info: version: &#039;3.141.59&#039;, revision: &#039;e82be7d358&#039;, time: &#039;2018-11-14T08:17:03&#039;
System info: host: &#039;DESKTOP-NH3DV7T&#039;, ip: &#039;192.168.43.23&#039;, os.name: &#039;Windows 10&#039;, os.arch: &#039;amd64&#039;, os.version: &#039;10.0&#039;, java.version: &#039;15&#039;
Driver info: driver.version: ChromeDriver
remote stacktrace: Backtrace:
	Ordinal0 [0x004DE7D3+124883]
	Ordinal0 [0x004DE7B1+124849]
	GetHandleVerifier [0x00728688+193832]
	GetHandleVerifier [0x0071CB71+145937]
	GetHandleVerifier [0x0071C7F9+145049]
	GetHandleVerifier [0x0071BF7D+142877]
	GetHandleVerifier [0x0071B45E+140030]
	GetHandleVerifier [0x0071B6E6+140678]
	GetHandleVerifier [0x0071B025+138949]
	GetHandleVerifier [0x00724679+177433]
	GetHandleVerifier [0x0071AFE1+138881]
	GetHandleVerifier [0x0071BD62+142338]
	GetHandleVerifier [0x0071B45E+140030]
	GetHandleVerifier [0x0071B6E6+140678]
	GetHandleVerifier [0x0071B025+138949]
	GetHandleVerifier [0x00722A0A+170154]
	GetHandleVerifier [0x0071AFE1+138881]
	GetHandleVerifier [0x0071BD62+142338]
	GetHandleVerifier [0x0071B45E+140030]
	GetHandleVerifier [0x0071B6E6+140678]
	GetHandleVerifier [0x0071B025+138949]
	GetHandleVerifier [0x00720D69+162825]
	GetHandleVerifier [0x0071AFE1+138881]
	GetHandleVerifier [0x0071BD62+142338]
	GetHandleVerifier [0x0071B45E+140030]
	GetHandleVerifier [0x0071B6E6+140678]
	GetHandleVerifier [0x0071B025+138949]
	GetHandleVerifier [0x0072017C+159772]
	GetHandleVerifier [0x0071AFE1+138881]
	GetHandleVerifier [0x0071BD62+142338]
	GetHandleVerifier [0x0071B45E+140030]
	GetHandleVerifier [0x0071B6E6+140678]
	GetHandleVerifier [0x0071B025+138949]
	GetHandleVerifier [0x007176ED+124301]
	GetHandleVerifier [0x0071AFE1+138881]
	GetHandleVerifier [0x0071AE03+138403]
	GetHandleVerifier [0x0071ABF7+137879]
	GetHandleVerifier [0x00729930+198608]
	GetHandleVerifier [0x00765758+443896]
	GetHandleVerifier [0x007647FC+439964]
	GetHandleVerifier [0x0076154B+426987]
	GetHandleVerifier [0x00744FFD+310941]
	GetHandleVerifier [0x00745D8E+314414]
	GetHandleVerifier [0x00745D19+314297]
	GetHandleVerifier [0x008031EC+1089676]
	GetHandleVerifier [0x008017C9+1082985]
	GetHandleVerifier [0x008013A3+1081923]
	GetHandleVerifier [0x008FD9FD+2115741]
	Ordinal0 [0x0062B82E+1488942]
	Ordinal0 [0x005C5A7D+1071741]
	Ordinal0 [0x005C559B+1070491]
	Ordinal0 [0x005C54B1+1070257]
	Ordinal0 [0x005FFF53+1310547]
	BaseThreadInitThunk [0x75ABFA29+25]
	RtlGetAppContainerNamedObjectPath [0x779F7C7E+286]
	RtlGetAppContainerNamedObjectPath [0x779F7C4E+238]
" type="org.openqa.selenium.SessionNotCreatedException">
      <![CDATA[org.openqa.selenium.SessionNotCreatedException: session not created
from disconnected: received Inspector.detached event
  (Session info: chrome=90.0.4430.85)
Build info: version: '3.141.59', revision: 'e82be7d358', time: '2018-11-14T08:17:03'
System info: host: 'DESKTOP-NH3DV7T', ip: '192.168.43.23', os.name: 'Windows 10', os.arch: 'amd64', os.version: '10.0', java.version: '15'
Driver info: driver.version: ChromeDriver
remote stacktrace: Backtrace:
Ordinal0 [0x004DE7D3+124883]
Ordinal0 [0x004DE7B1+124849]
GetHandleVerifier [0x00728688+193832]
GetHandleVerifier [0x0071CB71+145937]
GetHandleVerifier [0x0071C7F9+145049]
GetHandleVerifier [0x0071BF7D+142877]
GetHandleVerifier [0x0071B45E+140030]
GetHandleVerifier [0x0071B6E6+140678]
GetHandleVerifier [0x0071B025+138949]
GetHandleVerifier [0x00724679+177433]
GetHandleVerifier [0x0071AFE1+138881]
GetHandleVerifier [0x0071BD62+142338]
GetHandleVerifier [0x0071B45E+140030]
GetHandleVerifier [0x0071B6E6+140678]
GetHandleVerifier [0x0071B025+138949]
GetHandleVerifier [0x00722A0A+170154]
GetHandleVerifier [0x0071AFE1+138881]
GetHandleVerifier [0x0071BD62+142338]
GetHandleVerifier [0x0071B45E+140030]
GetHandleVerifier [0x0071B6E6+140678]
GetHandleVerifier [0x0071B025+138949]
GetHandleVerifier [0x00720D69+162825]
GetHandleVerifier [0x0071AFE1+138881]
GetHandleVerifier [0x0071BD62+142338]
GetHandleVerifier [0x0071B45E+140030]
GetHandleVerifier [0x0071B6E6+140678]
GetHandleVerifier [0x0071B025+138949]
GetHandleVerifier [0x0072017C+159772]
GetHandleVerifier [0x0071AFE1+138881]
GetHandleVerifier [0x0071BD62+142338]
GetHandleVerifier [0x0071B45E+140030]
GetHandleVerifier [0x0071B6E6+140678]
GetHandleVerifier [0x0071B025+138949]
GetHandleVerifier [0x007176ED+124301]
GetHandleVerifier [0x0071AFE1+138881]
GetHandleVerifier [0x0071AE03+138403]
GetHandleVerifier [0x0071ABF7+137879]
GetHandleVerifier [0x00729930+198608]
GetHandleVerifier [0x00765758+443896]
GetHandleVerifier [0x007647FC+439964]
GetHandleVerifier [0x0076154B+426987]
GetHandleVerifier [0x00744FFD+310941]
GetHandleVerifier [0x00745D8E+314414]
GetHandleVerifier [0x00745D19+314297]
GetHandleVerifier [0x008031EC+1089676]
GetHandleVerifier [0x008017C9+1082985]
GetHandleVerifier [0x008013A3+1081923]
GetHandleVerifier [0x008FD9FD+2115741]
Ordinal0 [0x0062B82E+1488942]
Ordinal0 [0x005C5A7D+1071741]
Ordinal0 [0x005C559B+1070491]
Ordinal0 [0x005C54B1+1070257]
Ordinal0 [0x005FFF53+1310547]
BaseThreadInitThunk [0x75ABFA29+25]
RtlGetAppContainerNamedObjectPath [0x779F7C7E+286]
RtlGetAppContainerNamedObjectPath [0x779F7C4E+238]

at java.base/jdk.internal.reflect.NativeConstructorAccessorImpl.newInstance0(Native Method)
at java.base/jdk.internal.reflect.NativeConstructorAccessorImpl.newInstance(NativeConstructorAccessorImpl.java:64)
at java.base/jdk.internal.reflect.DelegatingConstructorAccessorImpl.newInstance(DelegatingConstructorAccessorImpl.java:45)
at java.base/java.lang.reflect.Constructor.newInstanceWithCaller(Constructor.java:500)
at java.base/java.lang.reflect.Constructor.newInstance(Constructor.java:481)
at org.openqa.selenium.remote.W3CHandshakeResponse.lambda$errorHandler$0(W3CHandshakeResponse.java:62)
at org.openqa.selenium.remote.HandshakeResponse.lambda$getResponseFunction$0(HandshakeResponse.java:30)
at org.openqa.selenium.remote.ProtocolHandshake.lambda$createSession$0(ProtocolHandshake.java:126)
at java.base/java.util.stream.ReferencePipeline$3$1.accept(ReferencePipeline.java:195)
at java.base/java.util.Spliterators$ArraySpliterator.tryAdvance(Spliterators.java:958)
at java.base/java.util.stream.ReferencePipeline.forEachWithCancel(ReferencePipeline.java:127)
at java.base/java.util.stream.AbstractPipeline.copyIntoWithCancel(AbstractPipeline.java:502)
at java.base/java.util.stream.AbstractPipeline.copyInto(AbstractPipeline.java:488)
at java.base/java.util.stream.AbstractPipeline.wrapAndCopyInto(AbstractPipeline.java:474)
at java.base/java.util.stream.FindOps$FindOp.evaluateSequential(FindOps.java:150)
at java.base/java.util.stream.AbstractPipeline.evaluate(AbstractPipeline.java:234)
at java.base/java.util.stream.ReferencePipeline.findFirst(ReferencePipeline.java:543)
at org.openqa.selenium.remote.ProtocolHandshake.createSession(ProtocolHandshake.java:128)
at org.openqa.selenium.remote.ProtocolHandshake.createSession(ProtocolHandshake.java:74)
at org.openqa.selenium.remote.HttpCommandExecutor.execute(HttpCommandExecutor.java:136)
at org.openqa.selenium.remote.service.DriverCommandExecutor.execute(DriverCommandExecutor.java:83)
at org.openqa.selenium.remote.RemoteWebDriver.execute(RemoteWebDriver.java:552)
at org.openqa.selenium.remote.RemoteWebDriver.startSession(RemoteWebDriver.java:213)
at org.openqa.selenium.remote.RemoteWebDriver.<init>(RemoteWebDriver.java:131)
at org.openqa.selenium.chrome.ChromeDriver.<init>(ChromeDriver.java:181)
at org.openqa.selenium.chrome.ChromeDriver.<init>(ChromeDriver.java:168)
at org.openqa.selenium.chrome.ChromeDriver.<init>(ChromeDriver.java:123)
at TestNGparameters.parallelExecution.sample1(parallelExecution.java:21)
at java.base/jdk.internal.reflect.NativeMethodAccessorImpl.invoke0(Native Method)
at java.base/jdk.internal.reflect.NativeMethodAccessorImpl.invoke(NativeMethodAccessorImpl.java:64)
at java.base/jdk.internal.reflect.DelegatingMethodAccessorImpl.invoke(DelegatingMethodAccessorImpl.java:43)
at java.base/java.lang.reflect.Method.invoke(Method.java:564)
at org.testng.internal.MethodInvocationHelper.invokeMethod(MethodInvocationHelper.java:132)
at org.testng.internal.TestInvoker.invokeMethod(TestInvoker.java:599)
at org.testng.internal.TestInvoker.invokeTestMethod(TestInvoker.java:174)
at org.testng.internal.TestMethodWithDataProviderMethodWorker.call(TestMethodWithDataProviderMethodWorker.java:77)
at org.testng.internal.TestMethodWithDataProviderMethodWorker.call(TestMethodWithDataProviderMethodWorker.java:15)
at java.base/java.util.concurrent.FutureTask.run(FutureTask.java:264)
at java.base/java.util.concurrent.Executors$RunnableAdapter.call(Executors.java:515)
at java.base/java.util.concurrent.FutureTask.run(FutureTask.java:264)
at java.base/java.util.concurrent.ThreadPoolExecutor.runWorker(ThreadPoolExecutor.java:1130)
at java.base/java.util.concurrent.ThreadPoolExecutor$Worker.run(ThreadPoolExecutor.java:630)
at java.base/java.lang.Thread.run(Thread.java:832)
]]>
    </error>
  </testcase> <!-- sample1 -->
  <system-out/>
</testsuite> <!-- TestNGparameters.parallelExecution -->
