<?xml version="1.0" encoding="UTF-8"?>
<!-- Generated by org.testng.reporters.JUnitReportReporter -->
<testsuite hostname="DESKTOP-NH3DV7T" failures="0" tests="2" name="TestNGparameters.UingDataProvider" time="0.080" errors="0" timestamp="2021-04-26T22:59:27 IST" skipped="0">
  <testcase classname="TestNGparameters.UingDataProvider" name="sample1" time="0.052"/>
  <system-out>
http://localhost:8080/ admin root  </system-out>
  <testcase classname="TestNGparameters.UingDataProvider" name="sample1" time="0.028"/>
  <system-out>
a b c  </system-out>
</testsuite> <!-- TestNGparameters.UingDataProvider -->
