<?xml version="1.0" encoding="UTF-8"?>
<!-- Generated by org.testng.reporters.JUnitReportReporter -->
<testsuite hostname="DESKTOP-NH3DV7T" failures="0" tests="2" name="TestNGparameters.UsingInvocationCount" time="0.032" errors="0" timestamp="2021-04-27T20:50:55 IST" skipped="0">
  <testcase classname="TestNGparameters.UsingInvocationCount" name="sample" time="0.028"/>
  <system-out>
Sample Executed  </system-out>
  <testcase classname="TestNGparameters.UsingInvocationCount" name="sample" time="0.004"/>
  <system-out>
Sample Executed  </system-out>
</testsuite> <!-- TestNGparameters.UsingInvocationCount -->
