<?xml version="1.0" encoding="UTF-8"?>
<!-- Generated by org.testng.reporters.JUnitReportReporter -->
<testsuite hostname="DESKTOP-NH3DV7T" failures="0" tests="3" name="TestNGparameters.Sample" time="0.071" errors="0" timestamp="2021-04-26T23:01:53 IST" skipped="0">
  <testcase classname="TestNGparameters.Sample" name="A2" time="0.047"/>
  <system-out/>
  <testcase classname="TestNGparameters.Sample" name="A1" time="0.006"/>
  <system-out/>
  <testcase classname="TestNGparameters.Sample" name="A3" time="0.018"/>
  <system-out/>
</testsuite> <!-- TestNGparameters.Sample -->
