<?xml version="1.0" encoding="UTF-8"?>
<!-- Generated by org.testng.reporters.JUnitReportReporter -->
<testsuite hostname="DESKTOP-NH3DV7T" failures="0" tests="2" name="CrossBrowserTesting.Sample3" time="234.106" errors="0" timestamp="2021-04-28T22:03:52 IST" skipped="0">
  <testcase classname="CrossBrowserTesting.Sample3" name="demo1" time="156.464"/>
  <system-out>
Sample3 Executed  </system-out>
  <testcase classname="CrossBrowserTesting.Sample3" name="demo1" time="77.642"/>
  <system-out>
Sample3 Executed  </system-out>
</testsuite> <!-- CrossBrowserTesting.Sample3 -->
