<?xml version="1.0" encoding="UTF-8"?>
<!-- Generated by org.testng.reporters.JUnitReportReporter -->
<testsuite hostname="DESKTOP-NH3DV7T" failures="0" tests="1" name="BatchExecution.Sample2" time="76.937" errors="0" timestamp="2021-05-06T22:34:32 IST" skipped="0">
  <testcase classname="BatchExecution.Sample2" name="demo1" time="76.937"/>
  <system-out>
Sample2 Executed  </system-out>
</testsuite> <!-- BatchExecution.Sample2 -->
