<?xml version="1.0" encoding="UTF-8"?>
<!-- Generated by org.testng.reporters.JUnitReportReporter -->
<testsuite hostname="DESKTOP-NH3DV7T" failures="0" tests="3" name="TestNGparameters.UsingThreadPoolSize" time="71.112" errors="0" timestamp="2021-04-27T09:31:55 IST" skipped="0">
  <testcase classname="TestNGparameters.UsingThreadPoolSize" name="sample1" time="27.943"/>
  <system-out/>
  <testcase classname="TestNGparameters.UsingThreadPoolSize" name="sample1" time="31.240"/>
  <system-out/>
  <testcase classname="TestNGparameters.UsingThreadPoolSize" name="sample1" time="11.929"/>
  <system-out/>
</testsuite> <!-- TestNGparameters.UsingThreadPoolSize -->
