<?xml version="1.0" encoding="UTF-8"?>
<!-- Generated by org.testng.reporters.JUnitReportReporter -->
<testsuite hostname="DESKTOP-NH3DV7T" failures="0" tests="2" name="CrossBrowserTesting.Sample2" time="235.135" errors="0" timestamp="2021-04-28T22:03:51 IST" skipped="0">
  <testcase classname="CrossBrowserTesting.Sample2" name="demo1" time="158.453"/>
  <system-out>
Sample2 Executed  </system-out>
  <testcase classname="CrossBrowserTesting.Sample2" name="demo1" time="76.682"/>
  <system-out>
Sample2 Executed  </system-out>
</testsuite> <!-- CrossBrowserTesting.Sample2 -->
