<?xml version="1.0" encoding="UTF-8"?>
<!-- Generated by org.testng.reporters.JUnitReportReporter -->
<testsuite hostname="DESKTOP-NH3DV7T" failures="0" tests="1" name="TestScript.Tc_2Test" time="70.905" errors="0" timestamp="2021-04-26T21:08:23 IST" skipped="0">
  <testcase classname="TestScript.Tc_2Test" name="loginTest" time="70.905"/>
  <system-out>
Home page is displayed Product List page is displayed New Product page is displayed Alert popup is displayed login page is displayed  </system-out>
</testsuite> <!-- TestScript.Tc_2Test -->
