<?xml version="1.0" encoding="UTF-8"?>
<!-- Generated by org.testng.reporters.JUnitReportReporter -->
<testsuite hostname="DESKTOP-NH3DV7T" failures="0" tests="1" name="BatchExecution.Sample3$Sample1" time="51.318" errors="0" timestamp="2021-04-27T11:29:53 IST" skipped="0">
  <testcase classname="BatchExecution.Sample3$Sample1" name="demo1" time="51.318"/>
  <system-out>
Sample3 Executed  </system-out>
</testsuite> <!-- BatchExecution.Sample3$Sample1 -->
