<?xml version="1.0" encoding="UTF-8"?>
<!-- Generated by org.testng.reporters.JUnitReportReporter -->
<testsuite hostname="DESKTOP-NH3DV7T" failures="0" tests="1" name="TestScript.Tc_3Test" time="84.788" errors="0" timestamp="2021-04-27T15:46:49 IST" skipped="0">
  <testcase classname="TestScript.Tc_3Test" name="loginTest" time="84.788"/>
  <system-out>
Home page is displayed Product List page is displayed New Product page is displayed yes  Product is inactive login page is displayed  </system-out>
</testsuite> <!-- TestScript.Tc_3Test -->
