<?xml version="1.0" encoding="UTF-8"?>
<!-- Generated by org.testng.reporters.JUnitReportReporter -->
<testsuite hostname="DESKTOP-NH3DV7T" failures="0" tests="2" name="genericLibrary.Demo1" time="0.031" errors="0" timestamp="2021-04-26T22:54:05 IST" skipped="0">
  <testcase classname="genericLibrary.Demo1" name="sample1" time="0.007"/>
  <system-out>
a b c  </system-out>
  <testcase classname="genericLibrary.Demo1" name="sample1" time="0.024"/>
  <system-out>
http://localhost:8080/ admin root  </system-out>
</testsuite> <!-- genericLibrary.Demo1 -->
