<?xml version="1.0" encoding="UTF-8"?>
<!-- Generated by org.testng.reporters.JUnitReportReporter -->
<testsuite hostname="DESKTOP-NH3DV7T" failures="0" tests="1" name="TestScript.Tc_1Test" time="120.489" errors="0" timestamp="2021-05-06T14:45:10 IST" skipped="0">
  <testcase classname="TestScript.Tc_1Test" name="loginTest" time="120.489"/>
  <system-out>
Home page is displayed Product List page is displayed New Product page is displayed Product is added successfully login page is displayed  </system-out>
</testsuite> <!-- TestScript.Tc_1Test -->
